<?xml version="1.0" encoding="UTF-8"?>
<!-- Generated by org.testng.reporters.JUnitXMLReporter -->
<testsuite hostname="KNY-LENOVO1498" ignored="0" name="basicTest" tests="6" failures="2" timestamp="16 Jul 2019 21:19:08 GMT" time="67.401" errors="0">
  <testcase name="consolePcLink" time="9.251" classname="testcases.FirstTest">
    <failure type="org.openqa.selenium.ElementClickInterceptedException" message="element click intercepted: Element &amp;lt;a href=&amp;quot;/topic/console-pc&amp;quot;&amp;gt;...&amp;lt;/a&amp;gt; is not clickable at point (137, 5). Other element would receive the click: &amp;lt;div id=&amp;quot;interBgWrap&amp;quot; style=&amp;quot;position: fixed; width: 1036px; height: 3000px; left: 0px; top: 0px; visibility: visible; opacity: 1; background-color: rgb(51, 51, 51); z-index: 9999998;&amp;quot;&amp;gt;&amp;lt;/div&amp;gt;
  (Session info: chrome=75.0.3770.142)
Build info: version: &amp;apos;3.141.59&amp;apos;, revision: &amp;apos;e82be7d358&amp;apos;, time: &amp;apos;2018-11-14T08:17:03&amp;apos;
System info: host: &amp;apos;KNY-LENOVO1498&amp;apos;, ip: &amp;apos;10.0.75.1&amp;apos;, os.name: &amp;apos;Windows 10&amp;apos;, os.arch: &amp;apos;amd64&amp;apos;, os.version: &amp;apos;10.0&amp;apos;, java.version: &amp;apos;1.8.0_201&amp;apos;
Driver info: org.openqa.selenium.chrome.ChromeDriver
Capabilities {acceptInsecureCerts: false, browserName: chrome, browserVersion: 75.0.3770.142, chrome: {chromedriverVersion: 75.0.3770.8 (681f24ea911fe7..., userDataDir: C:\Users\jmorin\AppData\Loc...}, goog:chromeOptions: {debuggerAddress: localhost:57088}, javascriptEnabled: true, networkConnectionEnabled: false, pageLoadStrategy: normal, platform: XP, platformName: XP, proxy: Proxy(), setWindowRect: true, strictFileInteractability: false, timeouts: {implicit: 0, pageLoad: 300000, script: 30000}, unhandledPromptBehavior: dismiss and notify}
Session ID: 94d006a9e88e9e48be5724a669cae0fe">
      <![CDATA[org.openqa.selenium.ElementClickInterceptedException: element click intercepted: Element <a href="/topic/console-pc">...</a> is not clickable at point (137, 5). Other element would receive the click: <div id="interBgWrap" style="position: fixed; width: 1036px; height: 3000px; left: 0px; top: 0px; visibility: visible; opacity: 1; background-color: rgb(51, 51, 51); z-index: 9999998;"></div>
  (Session info: chrome=75.0.3770.142)
Build info: version: '3.141.59', revision: 'e82be7d358', time: '2018-11-14T08:17:03'
System info: host: 'KNY-LENOVO1498', ip: '10.0.75.1', os.name: 'Windows 10', os.arch: 'amd64', os.version: '10.0', java.version: '1.8.0_201'
Driver info: org.openqa.selenium.chrome.ChromeDriver
Capabilities {acceptInsecureCerts: false, browserName: chrome, browserVersion: 75.0.3770.142, chrome: {chromedriverVersion: 75.0.3770.8 (681f24ea911fe7..., userDataDir: C:\Users\jmorin\AppData\Loc...}, goog:chromeOptions: {debuggerAddress: localhost:57088}, javascriptEnabled: true, networkConnectionEnabled: false, pageLoadStrategy: normal, platform: XP, platformName: XP, proxy: Proxy(), setWindowRect: true, strictFileInteractability: false, timeouts: {implicit: 0, pageLoad: 300000, script: 30000}, unhandledPromptBehavior: dismiss and notify}
Session ID: 94d006a9e88e9e48be5724a669cae0fe
at org.openqa.selenium.remote.http.W3CHttpResponseCodec.createException(W3CHttpResponseCodec.java:187)
at org.openqa.selenium.remote.http.W3CHttpResponseCodec.decode(W3CHttpResponseCodec.java:122)
at org.openqa.selenium.remote.http.W3CHttpResponseCodec.decode(W3CHttpResponseCodec.java:49)
at org.openqa.selenium.remote.HttpCommandExecutor.execute(HttpCommandExecutor.java:158)
at org.openqa.selenium.remote.service.DriverCommandExecutor.execute(DriverCommandExecutor.java:83)
at org.openqa.selenium.remote.RemoteWebDriver.execute(RemoteWebDriver.java:552)
at org.openqa.selenium.remote.RemoteWebElement.execute(RemoteWebElement.java:285)
at org.openqa.selenium.remote.RemoteWebElement.click(RemoteWebElement.java:84)
at com.xpxn.automation.pages.BasePage.click(BasePage.java:22)
at com.xpxn.automation.pages.BasePage.click(BasePage.java:20)
at testcases.FirstTest.consolePcLink(FirstTest.java:16)
at java.util.concurrent.FutureTask.run(FutureTask.java:266)
at java.util.concurrent.ThreadPoolExecutor.runWorker(ThreadPoolExecutor.java:1149)
at java.util.concurrent.ThreadPoolExecutor$Worker.run(ThreadPoolExecutor.java:624)
at java.lang.Thread.run(Thread.java:748)
... Removed 20 stack frames]]>
    </failure>
  </testcase> <!-- consolePcLink -->
  <testcase name="smartphoneTabLink" time="5.475" classname="testcases.FirstTest">
    <failure type="org.openqa.selenium.ElementClickInterceptedException" message="element click intercepted: Element &amp;lt;a href=&amp;quot;/topic/smartphone-tablet&amp;quot;&amp;gt;...&amp;lt;/a&amp;gt; is not clickable at point (281, 5). Other element would receive the click: &amp;lt;div id=&amp;quot;interBgWrap&amp;quot; style=&amp;quot;position: fixed; width: 1036px; height: 3000px; left: 0px; top: 0px; visibility: visible; opacity: 1; background-color: rgb(51, 51, 51); z-index: 9999998;&amp;quot;&amp;gt;&amp;lt;/div&amp;gt;
  (Session info: chrome=75.0.3770.142)
Build info: version: &amp;apos;3.141.59&amp;apos;, revision: &amp;apos;e82be7d358&amp;apos;, time: &amp;apos;2018-11-14T08:17:03&amp;apos;
System info: host: &amp;apos;KNY-LENOVO1498&amp;apos;, ip: &amp;apos;10.0.75.1&amp;apos;, os.name: &amp;apos;Windows 10&amp;apos;, os.arch: &amp;apos;amd64&amp;apos;, os.version: &amp;apos;10.0&amp;apos;, java.version: &amp;apos;1.8.0_201&amp;apos;
Driver info: org.openqa.selenium.chrome.ChromeDriver
Capabilities {acceptInsecureCerts: false, browserName: chrome, browserVersion: 75.0.3770.142, chrome: {chromedriverVersion: 75.0.3770.8 (681f24ea911fe7..., userDataDir: C:\Users\jmorin\AppData\Loc...}, goog:chromeOptions: {debuggerAddress: localhost:57088}, javascriptEnabled: true, networkConnectionEnabled: false, pageLoadStrategy: normal, platform: XP, platformName: XP, proxy: Proxy(), setWindowRect: true, strictFileInteractability: false, timeouts: {implicit: 0, pageLoad: 300000, script: 30000}, unhandledPromptBehavior: dismiss and notify}
Session ID: 94d006a9e88e9e48be5724a669cae0fe">
      <![CDATA[org.openqa.selenium.ElementClickInterceptedException: element click intercepted: Element <a href="/topic/smartphone-tablet">...</a> is not clickable at point (281, 5). Other element would receive the click: <div id="interBgWrap" style="position: fixed; width: 1036px; height: 3000px; left: 0px; top: 0px; visibility: visible; opacity: 1; background-color: rgb(51, 51, 51); z-index: 9999998;"></div>
  (Session info: chrome=75.0.3770.142)
Build info: version: '3.141.59', revision: 'e82be7d358', time: '2018-11-14T08:17:03'
System info: host: 'KNY-LENOVO1498', ip: '10.0.75.1', os.name: 'Windows 10', os.arch: 'amd64', os.version: '10.0', java.version: '1.8.0_201'
Driver info: org.openqa.selenium.chrome.ChromeDriver
Capabilities {acceptInsecureCerts: false, browserName: chrome, browserVersion: 75.0.3770.142, chrome: {chromedriverVersion: 75.0.3770.8 (681f24ea911fe7..., userDataDir: C:\Users\jmorin\AppData\Loc...}, goog:chromeOptions: {debuggerAddress: localhost:57088}, javascriptEnabled: true, networkConnectionEnabled: false, pageLoadStrategy: normal, platform: XP, platformName: XP, proxy: Proxy(), setWindowRect: true, strictFileInteractability: false, timeouts: {implicit: 0, pageLoad: 300000, script: 30000}, unhandledPromptBehavior: dismiss and notify}
Session ID: 94d006a9e88e9e48be5724a669cae0fe
at org.openqa.selenium.remote.http.W3CHttpResponseCodec.createException(W3CHttpResponseCodec.java:187)
at org.openqa.selenium.remote.http.W3CHttpResponseCodec.decode(W3CHttpResponseCodec.java:122)
at org.openqa.selenium.remote.http.W3CHttpResponseCodec.decode(W3CHttpResponseCodec.java:49)
at org.openqa.selenium.remote.HttpCommandExecutor.execute(HttpCommandExecutor.java:158)
at org.openqa.selenium.remote.service.DriverCommandExecutor.execute(DriverCommandExecutor.java:83)
at org.openqa.selenium.remote.RemoteWebDriver.execute(RemoteWebDriver.java:552)
at org.openqa.selenium.remote.RemoteWebElement.execute(RemoteWebElement.java:285)
at org.openqa.selenium.remote.RemoteWebElement.click(RemoteWebElement.java:84)
at com.xpxn.automation.pages.BasePage.click(BasePage.java:22)
at com.xpxn.automation.pages.BasePage.click(BasePage.java:20)
at testcases.FirstTest.smartphoneTabLink(FirstTest.java:26)
at java.util.concurrent.FutureTask.run(FutureTask.java:266)
at java.util.concurrent.ThreadPoolExecutor.runWorker(ThreadPoolExecutor.java:1149)
at java.util.concurrent.ThreadPoolExecutor$Worker.run(ThreadPoolExecutor.java:624)
at java.lang.Thread.run(Thread.java:748)
... Removed 20 stack frames]]>
    </failure>
  </testcase> <!-- smartphoneTabLink -->
  <testcase name="independentLink" time="8.288" classname="testcases.FirstTest"/>
  <testcase name="vrArLink" time="7.513" classname="testcases.FirstTest"/>
  <testcase name="socialOnlineLink" time="22.982" classname="testcases.FirstTest"/>
  <testcase name="gamaMagLink" time="8.648" classname="testcases.FirstTest"/>
</testsuite> <!-- basicTest -->
