<?xml version="1.0" encoding="UTF-8"?>
<testsuite xmlns:xsi="http://www.w3.org/2001/XMLSchema-instance" xsi:noNamespaceSchemaLocation="https://maven.apache.org/surefire/maven-surefire-plugin/xsd/surefire-test-report-3.0.xsd" version="3.0" name="TestSuite" time="89.147" tests="8" errors="0" skipped="0" failures="4">
  <properties>
[...]
</properties>
  <testcase name="consolePcLink" classname="testcases.FirstTest" time="9.253">
    <failure message="element click intercepted: Element &lt;a href=&quot;/topic/console-pc&quot;&gt;...&lt;/a&gt; is not clickable at point (137, 5). Other element would receive the click: &lt;div id=&quot;interBgWrap&quot; style=&quot;position: fixed; width: 1036px; height: 3000px; left: 0px; top: 0px; visibility: visible; opacity: 1; background-color: rgb(51, 51, 51); z-index: 9999998;&quot;&gt;&lt;/div&gt;&#10;  (Session info: chrome=75.0.3770.142)&#10;Build info: version: &apos;3.141.59&apos;, revision: &apos;e82be7d358&apos;, time: &apos;2018-11-14T08:17:03&apos;&#10;System info: host: &apos;KNY-LENOVO1498&apos;, ip: &apos;10.0.75.1&apos;, os.name: &apos;Windows 10&apos;, os.arch: &apos;amd64&apos;, os.version: &apos;10.0&apos;, java.version: &apos;1.8.0_201&apos;&#10;Driver info: org.openqa.selenium.chrome.ChromeDriver&#10;Capabilities {acceptInsecureCerts: false, browserName: chrome, browserVersion: 75.0.3770.142, chrome: {chromedriverVersion: 75.0.3770.8 (681f24ea911fe7..., userDataDir: C:\Users\jmorin\AppData\Loc...}, goog:chromeOptions: {debuggerAddress: localhost:57088}, javascriptEnabled: true, networkConnectionEnabled: false, pageLoadStrategy: normal, platform: XP, platformName: XP, proxy: Proxy(), setWindowRect: true, strictFileInteractability: false, timeouts: {implicit: 0, pageLoad: 300000, script: 30000}, unhandledPromptBehavior: dismiss and notify}&#10;Session ID: 94d006a9e88e9e48be5724a669cae0fe" type="org.openqa.selenium.ElementClickInterceptedException"><![CDATA[org.openqa.selenium.ElementClickInterceptedException: 
element click intercepted: Element <a href="/topic/console-pc">...</a> is not clickable at point (137, 5). Other element would receive the click: <div id="interBgWrap" style="position: fixed; width: 1036px; height: 3000px; left: 0px; top: 0px; visibility: visible; opacity: 1; background-color: rgb(51, 51, 51); z-index: 9999998;"></div>
  (Session info: chrome=75.0.3770.142)
Build info: version: '3.141.59', revision: 'e82be7d358', time: '2018-11-14T08:17:03'
System info: host: 'KNY-LENOVO1498', ip: '10.0.75.1', os.name: 'Windows 10', os.arch: 'amd64', os.version: '10.0', java.version: '1.8.0_201'
Driver info: org.openqa.selenium.chrome.ChromeDriver
Capabilities {acceptInsecureCerts: false, browserName: chrome, browserVersion: 75.0.3770.142, chrome: {chromedriverVersion: 75.0.3770.8 (681f24ea911fe7..., userDataDir: C:\Users\jmorin\AppData\Loc...}, goog:chromeOptions: {debuggerAddress: localhost:57088}, javascriptEnabled: true, networkConnectionEnabled: false, pageLoadStrategy: normal, platform: XP, platformName: XP, proxy: Proxy(), setWindowRect: true, strictFileInteractability: false, timeouts: {implicit: 0, pageLoad: 300000, script: 30000}, unhandledPromptBehavior: dismiss and notify}
Session ID: 94d006a9e88e9e48be5724a669cae0fe
	at testcases.FirstTest.consolePcLink(FirstTest.java:16)
]]></failure>
    <system-err><![CDATA[ERROR StatusLogger No Log4j 2 configuration file found. Using default configuration (logging only errors to the console), or user programmatically provided configurations. Set system property 'log4j2.debug' to show Log4j 2 internal initialization logging. See https://logging.apache.org/log4j/2.x/manual/configuration.html for instructions on how to configure Log4j 2
Jul 16, 2019 4:18:01 PM java.util.prefs.WindowsPreferences <init>
WARNING: Could not open/create prefs root node Software\JavaSoft\Prefs at root 0x80000002. Windows RegCreateKeyEx(...) returned error code 5.
Starting ChromeDriver 75.0.3770.8 (681f24ea911fe754973dda2fdc6d2a2e159dd300-refs/branch-heads/3770@{#40}) on port 25244
Only local connections are allowed.
Please protect ports used by ChromeDriver and related test frameworks to prevent access by malicious code.
Jul 16, 2019 4:18:05 PM org.openqa.selenium.remote.ProtocolHandshake createSession
INFO: Detected dialect: W3C
]]></system-err>
  </testcase>
  <testcase name="smartphoneTabLink" classname="testcases.FirstTest" time="5.476">
    <failure message="element click intercepted: Element &lt;a href=&quot;/topic/smartphone-tablet&quot;&gt;...&lt;/a&gt; is not clickable at point (281, 5). Other element would receive the click: &lt;div id=&quot;interBgWrap&quot; style=&quot;position: fixed; width: 1036px; height: 3000px; left: 0px; top: 0px; visibility: visible; opacity: 1; background-color: rgb(51, 51, 51); z-index: 9999998;&quot;&gt;&lt;/div&gt;&#10;  (Session info: chrome=75.0.3770.142)&#10;Build info: version: &apos;3.141.59&apos;, revision: &apos;e82be7d358&apos;, time: &apos;2018-11-14T08:17:03&apos;&#10;System info: host: &apos;KNY-LENOVO1498&apos;, ip: &apos;10.0.75.1&apos;, os.name: &apos;Windows 10&apos;, os.arch: &apos;amd64&apos;, os.version: &apos;10.0&apos;, java.version: &apos;1.8.0_201&apos;&#10;Driver info: org.openqa.selenium.chrome.ChromeDriver&#10;Capabilities {acceptInsecureCerts: false, browserName: chrome, browserVersion: 75.0.3770.142, chrome: {chromedriverVersion: 75.0.3770.8 (681f24ea911fe7..., userDataDir: C:\Users\jmorin\AppData\Loc...}, goog:chromeOptions: {debuggerAddress: localhost:57088}, javascriptEnabled: true, networkConnectionEnabled: false, pageLoadStrategy: normal, platform: XP, platformName: XP, proxy: Proxy(), setWindowRect: true, strictFileInteractability: false, timeouts: {implicit: 0, pageLoad: 300000, script: 30000}, unhandledPromptBehavior: dismiss and notify}&#10;Session ID: 94d006a9e88e9e48be5724a669cae0fe" type="org.openqa.selenium.ElementClickInterceptedException"><![CDATA[org.openqa.selenium.ElementClickInterceptedException: 
element click intercepted: Element <a href="/topic/smartphone-tablet">...</a> is not clickable at point (281, 5). Other element would receive the click: <div id="interBgWrap" style="position: fixed; width: 1036px; height: 3000px; left: 0px; top: 0px; visibility: visible; opacity: 1; background-color: rgb(51, 51, 51); z-index: 9999998;"></div>
  (Session info: chrome=75.0.3770.142)
Build info: version: '3.141.59', revision: 'e82be7d358', time: '2018-11-14T08:17:03'
System info: host: 'KNY-LENOVO1498', ip: '10.0.75.1', os.name: 'Windows 10', os.arch: 'amd64', os.version: '10.0', java.version: '1.8.0_201'
Driver info: org.openqa.selenium.chrome.ChromeDriver
Capabilities {acceptInsecureCerts: false, browserName: chrome, browserVersion: 75.0.3770.142, chrome: {chromedriverVersion: 75.0.3770.8 (681f24ea911fe7..., userDataDir: C:\Users\jmorin\AppData\Loc...}, goog:chromeOptions: {debuggerAddress: localhost:57088}, javascriptEnabled: true, networkConnectionEnabled: false, pageLoadStrategy: normal, platform: XP, platformName: XP, proxy: Proxy(), setWindowRect: true, strictFileInteractability: false, timeouts: {implicit: 0, pageLoad: 300000, script: 30000}, unhandledPromptBehavior: dismiss and notify}
Session ID: 94d006a9e88e9e48be5724a669cae0fe
	at testcases.FirstTest.smartphoneTabLink(FirstTest.java:26)
]]></failure>
  </testcase>
  <testcase name="independentLink" classname="testcases.FirstTest" time="8.288"/>
  <testcase name="vrArLink" classname="testcases.FirstTest" time="7.513"/>
  <testcase name="socialOnlineLink" classname="testcases.FirstTest" time="22.982"/>
  <testcase name="gamaMagLink" classname="testcases.FirstTest" time="8.649"/>
  <testcase name="topicLinkFirst" classname="testcases.SecondTest" time="6.024">
    <failure message="element click intercepted: Element &lt;a href=&quot;/view/news/346231/The_aggressive_resource_management_of_Doom_Eternal.php&quot;&gt;...&lt;/a&gt; is not clickable at point (550, 9). Other element would receive the click: &lt;div id=&quot;interBgWrap&quot; style=&quot;position: fixed; width: 1036px; height: 3000px; left: 0px; top: 0px; visibility: visible; opacity: 1; background-color: rgb(51, 51, 51); z-index: 9999998;&quot;&gt;&lt;/div&gt;&#10;  (Session info: chrome=75.0.3770.142)&#10;Build info: version: &apos;3.141.59&apos;, revision: &apos;e82be7d358&apos;, time: &apos;2018-11-14T08:17:03&apos;&#10;System info: host: &apos;KNY-LENOVO1498&apos;, ip: &apos;10.0.75.1&apos;, os.name: &apos;Windows 10&apos;, os.arch: &apos;amd64&apos;, os.version: &apos;10.0&apos;, java.version: &apos;1.8.0_201&apos;&#10;Driver info: org.openqa.selenium.chrome.ChromeDriver&#10;Capabilities {acceptInsecureCerts: false, browserName: chrome, browserVersion: 75.0.3770.142, chrome: {chromedriverVersion: 75.0.3770.8 (681f24ea911fe7..., userDataDir: C:\Users\jmorin\AppData\Loc...}, goog:chromeOptions: {debuggerAddress: localhost:58283}, javascriptEnabled: true, networkConnectionEnabled: false, pageLoadStrategy: normal, platform: XP, platformName: XP, proxy: Proxy(), setWindowRect: true, strictFileInteractability: false, timeouts: {implicit: 0, pageLoad: 300000, script: 30000}, unhandledPromptBehavior: dismiss and notify}&#10;Session ID: 2726165ee4eb95a787ba708b2e2c55ea" type="org.openqa.selenium.ElementClickInterceptedException"><![CDATA[org.openqa.selenium.ElementClickInterceptedException: 
element click intercepted: Element <a href="/view/news/346231/The_aggressive_resource_management_of_Doom_Eternal.php">...</a> is not clickable at point (550, 9). Other element would receive the click: <div id="interBgWrap" style="position: fixed; width: 1036px; height: 3000px; left: 0px; top: 0px; visibility: visible; opacity: 1; background-color: rgb(51, 51, 51); z-index: 9999998;"></div>
  (Session info: chrome=75.0.3770.142)
Build info: version: '3.141.59', revision: 'e82be7d358', time: '2018-11-14T08:17:03'
System info: host: 'KNY-LENOVO1498', ip: '10.0.75.1', os.name: 'Windows 10', os.arch: 'amd64', os.version: '10.0', java.version: '1.8.0_201'
Driver info: org.openqa.selenium.chrome.ChromeDriver
Capabilities {acceptInsecureCerts: false, browserName: chrome, browserVersion: 75.0.3770.142, chrome: {chromedriverVersion: 75.0.3770.8 (681f24ea911fe7..., userDataDir: C:\Users\jmorin\AppData\Loc...}, goog:chromeOptions: {debuggerAddress: localhost:58283}, javascriptEnabled: true, networkConnectionEnabled: false, pageLoadStrategy: normal, platform: XP, platformName: XP, proxy: Proxy(), setWindowRect: true, strictFileInteractability: false, timeouts: {implicit: 0, pageLoad: 300000, script: 30000}, unhandledPromptBehavior: dismiss and notify}
Session ID: 2726165ee4eb95a787ba708b2e2c55ea
	at testcases.SecondTest.topicLinkFirst(SecondTest.java:15)
]]></failure>
    <system-err><![CDATA[Starting ChromeDriver 75.0.3770.8 (681f24ea911fe754973dda2fdc6d2a2e159dd300-refs/branch-heads/3770@{#40}) on port 21837
Only local connections are allowed.
Please protect ports used by ChromeDriver and related test frameworks to prevent access by malicious code.
Jul 16, 2019 4:19:11 PM org.openqa.selenium.remote.ProtocolHandshake createSession
INFO: Detected dialect: W3C
]]></system-err>
  </testcase>
  <testcase name="invalidLogin" classname="testcases.ThirdTest" time="8.239">
    <failure message="element click intercepted: Element &lt;input type=&quot;submit&quot; class=&quot;button&quot; value=&quot;Login&quot; id=&quot;submit&quot; name=&quot;submit&quot;&gt; is not clickable at point (110, 11). Other element would receive the click: &lt;div id=&quot;interBgWrap&quot; style=&quot;position: fixed; width: 1036px; height: 3000px; left: 0px; top: 0px; visibility: visible; opacity: 1; background-color: rgb(51, 51, 51); z-index: 9999998;&quot;&gt;&lt;/div&gt;&#10;  (Session info: chrome=75.0.3770.142)&#10;Build info: version: &apos;3.141.59&apos;, revision: &apos;e82be7d358&apos;, time: &apos;2018-11-14T08:17:03&apos;&#10;System info: host: &apos;KNY-LENOVO1498&apos;, ip: &apos;10.0.75.1&apos;, os.name: &apos;Windows 10&apos;, os.arch: &apos;amd64&apos;, os.version: &apos;10.0&apos;, java.version: &apos;1.8.0_201&apos;&#10;Driver info: org.openqa.selenium.chrome.ChromeDriver&#10;Capabilities {acceptInsecureCerts: false, browserName: chrome, browserVersion: 75.0.3770.142, chrome: {chromedriverVersion: 75.0.3770.8 (681f24ea911fe7..., userDataDir: C:\Users\jmorin\AppData\Loc...}, goog:chromeOptions: {debuggerAddress: localhost:58362}, javascriptEnabled: true, networkConnectionEnabled: false, pageLoadStrategy: normal, platform: XP, platformName: XP, proxy: Proxy(), setWindowRect: true, strictFileInteractability: false, timeouts: {implicit: 0, pageLoad: 300000, script: 30000}, unhandledPromptBehavior: dismiss and notify}&#10;Session ID: f300f02fa6b05af8c3cd706331994baf" type="org.openqa.selenium.ElementClickInterceptedException"><![CDATA[org.openqa.selenium.ElementClickInterceptedException: 
element click intercepted: Element <input type="submit" class="button" value="Login" id="submit" name="submit"> is not clickable at point (110, 11). Other element would receive the click: <div id="interBgWrap" style="position: fixed; width: 1036px; height: 3000px; left: 0px; top: 0px; visibility: visible; opacity: 1; background-color: rgb(51, 51, 51); z-index: 9999998;"></div>
  (Session info: chrome=75.0.3770.142)
Build info: version: '3.141.59', revision: 'e82be7d358', time: '2018-11-14T08:17:03'
System info: host: 'KNY-LENOVO1498', ip: '10.0.75.1', os.name: 'Windows 10', os.arch: 'amd64', os.version: '10.0', java.version: '1.8.0_201'
Driver info: org.openqa.selenium.chrome.ChromeDriver
Capabilities {acceptInsecureCerts: false, browserName: chrome, browserVersion: 75.0.3770.142, chrome: {chromedriverVersion: 75.0.3770.8 (681f24ea911fe7..., userDataDir: C:\Users\jmorin\AppData\Loc...}, goog:chromeOptions: {debuggerAddress: localhost:58362}, javascriptEnabled: true, networkConnectionEnabled: false, pageLoadStrategy: normal, platform: XP, platformName: XP, proxy: Proxy(), setWindowRect: true, strictFileInteractability: false, timeouts: {implicit: 0, pageLoad: 300000, script: 30000}, unhandledPromptBehavior: dismiss and notify}
Session ID: f300f02fa6b05af8c3cd706331994baf
	at testcases.ThirdTest.invalidLogin(ThirdTest.java:18)
]]></failure>
    <system-err><![CDATA[Starting ChromeDriver 75.0.3770.8 (681f24ea911fe754973dda2fdc6d2a2e159dd300-refs/branch-heads/3770@{#40}) on port 21529
Only local connections are allowed.
Please protect ports used by ChromeDriver and related test frameworks to prevent access by malicious code.
Jul 16, 2019 4:19:20 PM org.openqa.selenium.remote.ProtocolHandshake createSession
INFO: Detected dialect: W3C
]]></system-err>
  </testcase>
</testsuite>